<?xml version="1.0" encoding="UTF-8"?>
<!-- Generated by org.testng.reporters.JUnitReportReporter -->
<testsuite hostname="DESKTOP-4H5FPDV" failures="0" tests="2" name="com.workpulse.test.ErrorValidation" time="27.516" errors="0" timestamp="24 Jun 2023 19:26:35 GMT" skipped="0">
  <testcase classname="com.workpulse.test.ErrorValidation" name="loginErrorValidation" time="7.950"/>
  <testcase classname="com.workpulse.test.ErrorValidation" name="productErrorValidation" time="19.566"/>
</testsuite> <!-- com.workpulse.test.ErrorValidation -->
