<?xml version="1.0" encoding="UTF-8"?>
<!-- Generated by org.testng.reporters.JUnitReportReporter -->
<testsuite hostname="DESKTOP-4H5FPDV" failures="0" tests="3" name="com.workpulse.test.StandAloneTest2" time="306.254" errors="0" timestamp="05 Aug 2023 06:36:11 GMT" skipped="0">
  <testcase classname="com.workpulse.test.StandAloneTest2" name="submitOrder" time="106.855"/>
  <testcase classname="com.workpulse.test.StandAloneTest2" name="orderHistoryTest" time="90.141"/>
  <testcase classname="com.workpulse.test.StandAloneTest2" name="submitOrder" time="109.258"/>
</testsuite> <!-- com.workpulse.test.StandAloneTest2 -->
