<?xml version="1.0" encoding="UTF-8"?>
<!-- Generated by org.testng.reporters.JUnitReportReporter -->
<testsuite hostname="DESKTOP-4H5FPDV" failures="0" tests="3" name="com.workpulse.test.StandAloneTest2" time="40.959" errors="0" timestamp="03 Aug 2023 08:52:51 GMT" skipped="0">
  <testcase classname="com.workpulse.test.StandAloneTest2" name="submitOrder" time="17.436"/>
  <testcase classname="com.workpulse.test.StandAloneTest2" name="orderHistoryTest" time="3.589"/>
  <testcase classname="com.workpulse.test.StandAloneTest2" name="submitOrder" time="19.934"/>
</testsuite> <!-- com.workpulse.test.StandAloneTest2 -->
